[0425/140848.376:ERROR:http_transport_win.cc(50)] WinHttpSendRequest: 操作超时  (0x2EE2)
[0427/125353.241:ERROR:process_info.cc(625)] range at 0x9157597000000000, size 0x150 fully unreadable
[0427/125353.325:ERROR:process_info.cc(625)] range at 0x9157599000000000, size 0x150 fully unreadable
[0427/125353.325:ERROR:process_info.cc(625)] range at 0x0, size 0x150 fully unreadable
[0427/125407.292:ERROR:process_info.cc(625)] range at 0x64955a1c00000000, size 0x122 fully unreadable
[0427/125407.292:ERROR:process_info.cc(625)] range at 0x64955a3c00000000, size 0x122 fully unreadable
[0427/125407.292:ERROR:process_info.cc(625)] range at 0x0, size 0x122 fully unreadable
[0427/125450.366:ERROR:process_info.cc(625)] range at 0xbb375f4400000000, size 0x1d3 fully unreadable
[0427/125450.367:ERROR:process_info.cc(625)] range at 0xbb375fac00000000, size 0x1d3 fully unreadable
[0427/125450.367:ERROR:process_info.cc(625)] range at 0x0, size 0x1d3 fully unreadable
[0427/125601.766:ERROR:http_transport_win.cc(50)] WinHttpSendRequest: 操作超时  (0x2EE2)
[0504/133519.560:ERROR:process_info.cc(625)] range at 0x34db5f2600000000, size 0x1b8 fully unreadable
[0504/133519.591:ERROR:process_info.cc(625)] range at 0x34db5f8c00000000, size 0x1b8 fully unreadable
[0504/133519.591:ERROR:process_info.cc(625)] range at 0x0, size 0x1b8 fully unreadable
[0504/133520.093:ERROR:process_info.cc(373)] UncheckedAllocate
[0504/133727.082:ERROR:http_transport_win.cc(50)] WinHttpSendRequest: 操作超时  (0x2EE2)
[0505/125512.884:ERROR:process_info.cc(625)] range at 0xe1875f9400000000, size 0x171 fully unreadable
[0505/125512.928:ERROR:process_info.cc(625)] range at 0xe1875ffa00000000, size 0x171 fully unreadable
[0505/125512.928:ERROR:process_info.cc(625)] range at 0x0, size 0x171 fully unreadable
[0505/125513.204:ERROR:process_info.cc(373)] UncheckedAllocate
[0505/125513.242:ERROR:process_reader_win.cc(233)] ReadMemory at 0x7ffe3a86efa0 of 512 bytes failed: 仅完成部分的 ReadProcessMemory 或 WriteProcessMemory 请求。 (0x12B)
[0505/125513.243:ERROR:crash_report_exception_handler.cc(111)] WriteEverything failed
[0505/125909.488:ERROR:process_info.cc(625)] range at 0x96065fba00000000, size 0x218 fully unreadable
[0505/125910.044:ERROR:process_info.cc(625)] range at 0x9606602000000000, size 0x218 fully unreadable
[0505/125910.045:ERROR:process_info.cc(625)] range at 0x0, size 0x218 fully unreadable
[0505/125911.099:ERROR:process_info.cc(373)] UncheckedAllocate
[0505/203518.487:ERROR:process_info.cc(625)] range at 0x6465fba00000000, size 0x216 fully unreadable
[0505/203518.487:ERROR:process_info.cc(625)] range at 0x646601a00000000, size 0x216 fully unreadable
[0505/203518.487:ERROR:process_info.cc(625)] range at 0x0, size 0x216 fully unreadable
[0505/203518.518:ERROR:process_reader_win.cc(233)] ReadMemory at 0x21600e40080 of 32768 bytes failed: 仅完成部分的 ReadProcessMemory 或 WriteProcessMemory 请求。 (0x12B)
[0505/203518.518:WARNING:pe_image_annotations_reader.cc(65)] could not read simple annotations from C:\Program Files (x86)\Google\Chrome\Application\57.0.2987.133\chrome_elf.dll
